<?xml version="1.0" encoding="UTF-8"?>
<!-- Generated by org.testng.reporters.JUnitXMLReporter -->
<testsuite ignored="3" hostname="DESKTOP-DPM58SF" failures="0" tests="1" name="Default test" time="22.144" errors="0" timestamp="2025-04-03T17:12:48 IST">
  <testcase classname="com.obsqura.rmart_supermarket.Testscript.AdminUsersPageTest" name="verifyUserCanCreateNewAdminUser" time="11.744"/>
  <testcase classname="com.obsqura.rmart_supermarket.Testscript.AdminUsersPageTest" name="verifyUserCanSearchExistingAdminUsers" time="0.0">
    <ignored/>
  </testcase> <!-- verifyUserCanSearchExistingAdminUsers -->
  <testcase classname="com.obsqura.rmart_supermarket.Testscript.AdminUsersPageTest" name="verifyUserCanDeleteFirstAdminUser" time="0.0">
    <ignored/>
  </testcase> <!-- verifyUserCanDeleteFirstAdminUser -->
  <testcase classname="com.obsqura.rmart_supermarket.Testscript.AdminUsersPageTest" name="creatingExistingAdminUser" time="0.0">
    <ignored/>
  </testcase> <!-- creatingExistingAdminUser -->
</testsuite> <!-- Default test -->
