<?xml version="1.0" encoding="UTF-8"?>
<!-- Generated by org.testng.reporters.JUnitXMLReporter -->
<testsuite ignored="0" hostname="DESKTOP-DPM58SF" failures="0" tests="2" name="chrometest" time="26.103" errors="0" timestamp="2025-04-03T21:36:05 IST">
  <testcase classname="com.obsqura.rmart_supermarket.Testscript.HomePageTest" name="verifyUserCanLogout" time="14.092"/>
  <testcase classname="com.obsqura.rmart_supermarket.Testscript.ManageNewsPageTest" name="verifyUserCanEnterTheNewsInformation" time="13.752"/>
</testsuite> <!-- chrometest -->
