<?xml version="1.0" encoding="UTF-8"?>
<!-- Generated by org.testng.reporters.JUnitXMLReporter -->
<testsuite ignored="3" hostname="DESKTOP-DPM58SF" failures="0" tests="1" name="chrometest" time="13.03" errors="0" timestamp="2025-04-03T21:15:11 IST">
  <testcase classname="com.obsqura.rmart_supermarket.Testscript.LoginPageTest" name="validUsernameAndPassword" time="5.327"/>
  <testcase classname="com.obsqura.rmart_supermarket.Testscript.LoginPageTest" name="invalidUsernameAndValidPassword" time="0.0">
    <ignored/>
  </testcase> <!-- invalidUsernameAndValidPassword -->
  <testcase classname="com.obsqura.rmart_supermarket.Testscript.LoginPageTest" name="validUsernameAndInvalidPassword" time="0.0">
    <ignored/>
  </testcase> <!-- validUsernameAndInvalidPassword -->
  <testcase classname="com.obsqura.rmart_supermarket.Testscript.LoginPageTest" name="invalidUsernameAndInvalidPassword" time="0.0">
    <ignored/>
  </testcase> <!-- invalidUsernameAndInvalidPassword -->
</testsuite> <!-- chrometest -->
