<?xml version="1.0" encoding="UTF-8"?>
<!-- Generated by org.testng.reporters.JUnitXMLReporter -->
<testsuite ignored="3" hostname="DESKTOP-DPM58SF" failures="0" tests="1" name="edgetest" time="18.245" errors="0" timestamp="2025-04-03T21:15:30 IST">
  <testcase classname="com.obsqura.rmart_supermarket.Testscript.LoginPageTest" name="validUsernameAndPassword" time="2.027"/>
  <testcase classname="com.obsqura.rmart_supermarket.Testscript.LoginPageTest" name="invalidUsernameAndInvalidPassword" time="0.0">
    <ignored/>
  </testcase> <!-- invalidUsernameAndInvalidPassword -->
  <testcase classname="com.obsqura.rmart_supermarket.Testscript.LoginPageTest" name="validUsernameAndInvalidPassword" time="0.0">
    <ignored/>
  </testcase> <!-- validUsernameAndInvalidPassword -->
  <testcase classname="com.obsqura.rmart_supermarket.Testscript.LoginPageTest" name="invalidUsernameAndValidPassword" time="0.0">
    <ignored/>
  </testcase> <!-- invalidUsernameAndValidPassword -->
</testsuite> <!-- edgetest -->
