<?xml version="1.0" encoding="UTF-8"?>
<!-- Generated by org.testng.reporters.JUnitXMLReporter -->
<testsuite ignored="0" hostname="DESKTOP-DPM58SF" failures="0" tests="6" name="ExtendReport.xml" time="68.096" errors="0" timestamp="2025-04-02T08:43:02 IST">
  <testcase classname="com.obsqura.rmart_supermarket.Testscript.LoginPageTest" name="invalidUsernameAndInvalidPassword" time="1.038"/>
  <testcase classname="com.obsqura.rmart_supermarket.Testscript.LoginPageTest" name="invalidUsernameAndInvalidPassword" time="0.749"/>
  <testcase classname="com.obsqura.rmart_supermarket.Testscript.LoginPageTest" name="invalidUsernameAndInvalidPassword" time="0.666"/>
  <testcase classname="com.obsqura.rmart_supermarket.Testscript.LoginPageTest" name="invalidUsernameAndValidPassword" time="3.272"/>
  <testcase classname="com.obsqura.rmart_supermarket.Testscript.LoginPageTest" name="validUsernameAndInvalidPassword" time="0.821"/>
  <testcase classname="com.obsqura.rmart_supermarket.Testscript.LoginPageTest" name="validUsernameAndPassword" time="2.751"/>
</testsuite> <!-- ExtendReport.xml -->
