<?xml version="1.0" encoding="UTF-8"?>
<!-- Generated by org.testng.reporters.JUnitXMLReporter -->
<testsuite ignored="2" hostname="DESKTOP-DPM58SF" failures="0" tests="2" name="grouping" time="24.785" errors="0" timestamp="2025-04-03T21:35:24 IST">
  <testcase classname="com.obsqura.rmart_supermarket.Testscript.LoginPageTest" name="invalidUsernameAndValidPassword" time="3.528"/>
  <testcase classname="com.obsqura.rmart_supermarket.Testscript.LoginPageTest" name="validUsernameAndPassword" time="1.569"/>
  <testcase classname="com.obsqura.rmart_supermarket.Testscript.LoginPageTest" name="invalidUsernameAndInvalidPassword" time="0.0">
    <ignored/>
  </testcase> <!-- invalidUsernameAndInvalidPassword -->
  <testcase classname="com.obsqura.rmart_supermarket.Testscript.LoginPageTest" name="validUsernameAndInvalidPassword" time="0.0">
    <ignored/>
  </testcase> <!-- validUsernameAndInvalidPassword -->
</testsuite> <!-- grouping -->
