<?xml version="1.0" encoding="UTF-8"?>
<testng-results ignored="0" total="1" passed="1" failed="0" skipped="0">
  <reporter-output>
  </reporter-output>
  <suite started-at="2025-04-02T21:16:34 IST" name="Default suite" finished-at="2025-04-02T21:16:44 IST" duration-ms="9601">
    <groups>
    </groups>
    <test started-at="2025-04-02T21:16:34 IST" name="Default test" finished-at="2025-04-02T21:16:44 IST" duration-ms="9601">
      <class name="com.obsqura.rmart_supermarket.Testscript.ManageNewsPageTest">
        <test-method is-config="true" signature="beforeMethod()[pri:0, instance:com.obsqura.rmart_supermarket.Testscript.ManageNewsPageTest@3857f613]" started-at="2025-04-02T21:16:34 IST" name="beforeMethod" finished-at="2025-04-02T21:16:39 IST" duration-ms="4328" status="PASS">
          <reporter-output>
          </reporter-output>
        </test-method> <!-- beforeMethod -->
        <test-method signature="verifyUserCanEnterTheNewsInformation()[pri:0, instance:com.obsqura.rmart_supermarket.Testscript.ManageNewsPageTest@3857f613]" started-at="2025-04-02T21:16:39 IST" name="verifyUserCanEnterTheNewsInformation" finished-at="2025-04-02T21:16:44 IST" duration-ms="4901" status="PASS">
          <reporter-output>
          </reporter-output>
        </test-method> <!-- verifyUserCanEnterTheNewsInformation -->
        <test-method is-config="true" signature="afterMethod(org.testng.ITestResult)[pri:0, instance:com.obsqura.rmart_supermarket.Testscript.ManageNewsPageTest@3857f613]" started-at="2025-04-02T21:16:44 IST" name="afterMethod" finished-at="2025-04-02T21:16:44 IST" duration-ms="300" status="PASS">
          <params>
            <param index="0">
              <value>
                <![CDATA[[TestResult name=verifyUserCanEnterTheNewsInformation status=SUCCESS method=ManageNewsPageTest.verifyUserCanEnterTheNewsInformation()[pri:0, instance:com.obsqura.rmart_supermarket.Testscript.ManageNewsPageTest@3857f613] output={null}]]]>
              </value>
            </param>
          </params>
          <reporter-output>
          </reporter-output>
        </test-method> <!-- afterMethod -->
      </class> <!-- com.obsqura.rmart_supermarket.Testscript.ManageNewsPageTest -->
    </test> <!-- Default test -->
  </suite> <!-- Default suite -->
</testng-results>
